Arguments: 
  /usr/local/bin/node /usr/local/bin/yarn add vue

PATH: 
  /opt/bench/frappe-bench1321/env/bin:/home/erpnext/.local/bin:/usr/local/sbin:/usr/local/bin:/usr/sbin:/usr/bin:/sbin:/bin:/usr/games:/usr/local/games:/snap/bin:/home/erpnext/.local/bin/

Yarn version: 
  1.22.17

Node version: 
  14.19.0

Platform: 
  linux x64

Trace: 
  Error: getaddrinfo EAI_AGAIN registry.yarnpkg.com
      at GetAddrInfoReqWrap.onlookup [as oncomplete] (dns.js:71:26)

npm manifest: 
  {
    "dependencies": {
      "vuetify": "^2.6.6"
    }
  }

yarn manifest: 
  No manifest

Lockfile: 
  # THIS IS AN AUTOGENERATED FILE. DO NOT EDIT THIS FILE DIRECTLY.
  # yarn lockfile v1
  
  
  vuetify@^2.6.6:
    version "2.6.6"
    resolved "https://registry.yarnpkg.com/vuetify/-/vuetify-2.6.6.tgz#7af178fece5ccd561639eba425fe6c0a5803b37e"
    integrity sha512-H4KtxDFmDN8QiTRiGfBySyjMhVaHAJTKB0llGGKZT5jKxtnx9gvEtMWXKtVuRP0NJJP0H6xBPJHNOH7nT18qiQ==
